::1 - - [25/Oct/2024:09:26:08 +0200] "GET / HTTP/1.1" 200 205
::1 - - [25/Oct/2024:09:26:09 +0200] "GET /favicon.ico HTTP/1.1" 404 196
::1 - - [25/Oct/2024:09:26:18 +0200] "GET /test.html HTTP/1.1" 200 154
::1 - - [25/Oct/2024:09:26:30 +0200] "GET /api HTTP/1.1" 301 229
::1 - - [25/Oct/2024:09:26:30 +0200] "GET /api/ HTTP/1.1" 200 254
::1 - - [25/Oct/2024:09:26:32 +0200] "GET /api/test.html HTTP/1.1" 200 153
::1 - - [25/Oct/2024:09:39:39 +0200] "GET / HTTP/1.1" 200 205
::1 - - [25/Oct/2024:09:39:41 +0200] "GET /api/ HTTP/1.1" 200 254
::1 - - [25/Oct/2024:09:39:54 +0200] "GET /api/test.html HTTP/1.1" 304 -
::1 - - [25/Oct/2024:09:40:54 +0200] "-" 408 -
::1 - - [25/Oct/2024:10:00:32 +0200] "GET /api/test.php HTTP/1.1" 200 74280
::1 - - [25/Oct/2024:10:01:32 +0200] "-" 408 -
::1 - - [25/Oct/2024:10:55:20 +0200] "GET / HTTP/1.1" 200 902
::1 - - [25/Oct/2024:10:55:20 +0200] "GET /css/styles.css HTTP/1.1" 200 2060
::1 - - [25/Oct/2024:10:55:44 +0200] "GET /signin.html HTTP/1.1" 200 2609
::1 - - [25/Oct/2024:10:56:44 +0200] "-" 408 -
::1 - - [25/Oct/2024:11:20:47 +0200] "POST /backend/signin.php HTTP/1.1" 404 196
::1 - - [25/Oct/2024:11:21:05 +0200] "GET /signin.html HTTP/1.1" 200 2603
::1 - - [25/Oct/2024:11:21:05 +0200] "GET /signin.html HTTP/1.1" 304 -
::1 - - [25/Oct/2024:11:21:07 +0200] "POST /api/signin.php HTTP/1.1" 200 229
::1 - - [25/Oct/2024:11:21:34 +0200] "POST /api/signin.php HTTP/1.1" 200 229
::1 - - [25/Oct/2024:11:22:06 +0200] "POST /api/signin.php HTTP/1.1" 200 414
::1 - - [25/Oct/2024:11:56:29 +0200] "GET /signup.html HTTP/1.1" 200 2822
::1 - - [25/Oct/2024:11:56:52 +0200] "GET /signup.html HTTP/1.1" 200 2803
::1 - - [25/Oct/2024:11:57:17 +0200] "GET /signup.html HTTP/1.1" 200 2830
::1 - - [25/Oct/2024:11:57:27 +0200] "GET /signup.html HTTP/1.1" 304 -
::1 - - [25/Oct/2024:11:57:36 +0200] "GET /signup.html?username=lukas.cegan%40upce.cz&password=asdf&nickname=asdf HTTP/1.1" 200 2830
::1 - - [25/Oct/2024:11:57:54 +0200] "GET /signup.html?username=lukas.cegan%40upce.cz&password=asdf&nickname=asdf HTTP/1.1" 200 2832
::1 - - [25/Oct/2024:11:58:26 +0200] "GET /signup.html?username=lukas.cegan%40upce.cz&password=asdf&nickname=asdf HTTP/1.1" 200 2831
::1 - - [29/Nov/2024:09:51:36 +0100] "GET / HTTP/1.1" 200 752
::1 - - [29/Nov/2024:09:51:36 +0100] "GET /css/styles.css HTTP/1.1" 200 2064
::1 - - [29/Nov/2024:09:51:36 +0100] "GET /favicon.ico HTTP/1.1" 404 196
::1 - - [29/Nov/2024:09:52:36 +0100] "-" 408 -
::1 - - [29/Nov/2024:09:54:02 +0100] "GET /pricing.html HTTP/1.1" 200 521
::1 - - [29/Nov/2024:09:54:04 +0100] "GET /index.html HTTP/1.1" 200 752
::1 - - [29/Nov/2024:09:54:06 +0100] "GET /signin.html HTTP/1.1" 200 3831
::1 - - [29/Nov/2024:09:54:06 +0100] "GET /images/loader.gif HTTP/1.1" 200 302024
::1 - - [29/Nov/2024:09:54:06 +0100] "GET /api/account.php HTTP/1.1" 200 6
::1 - - [29/Nov/2024:09:57:06 +0100] "GET /css/styles.css HTTP/1.1" 304 -
::1 - - [29/Nov/2024:09:57:07 +0100] "GET /index.html HTTP/1.1" 304 -
::1 - - [29/Nov/2024:09:58:06 +0100] "-" 408 -
::1 - - [29/Nov/2024:09:58:26 +0100] "-" 408 -
::1 - - [29/Nov/2024:10:02:14 +0100] "GET /index.html HTTP/1.1" 304 -
::1 - - [29/Nov/2024:10:02:14 +0100] "GET /css/styles.css HTTP/1.1" 200 2064
::1 - - [29/Nov/2024:10:02:52 +0100] "GET /index.html HTTP/1.1" 304 -
::1 - - [29/Nov/2024:10:02:53 +0100] "GET /css/styles.css HTTP/1.1" 200 2064
::1 - - [29/Nov/2024:10:03:10 +0100] "GET /index.html HTTP/1.1" 304 -
::1 - - [29/Nov/2024:10:03:10 +0100] "GET /css/styles.css HTTP/1.1" 200 2064
::1 - - [29/Nov/2024:10:03:23 +0100] "GET /index.html HTTP/1.1" 304 -
::1 - - [29/Nov/2024:10:03:23 +0100] "GET /css/styles.css HTTP/1.1" 200 2064
::1 - - [29/Nov/2024:10:03:45 +0100] "GET /index.html HTTP/1.1" 304 -
::1 - - [29/Nov/2024:10:03:46 +0100] "GET /css/styles.css HTTP/1.1" 200 2064
::1 - - [29/Nov/2024:10:03:57 +0100] "GET /index.html HTTP/1.1" 304 -
::1 - - [29/Nov/2024:10:03:57 +0100] "GET /css/styles.css HTTP/1.1" 200 2064
::1 - - [29/Nov/2024:10:04:01 +0100] "GET /css/styles.css HTTP/1.1" 304 -
::1 - - [29/Nov/2024:10:04:02 +0100] "GET /css/styles.css HTTP/1.1" 304 -
::1 - - [29/Nov/2024:10:04:26 +0100] "GET /index.html HTTP/1.1" 304 -
::1 - - [29/Nov/2024:10:04:26 +0100] "GET /css/styles.css HTTP/1.1" 200 2064
::1 - - [29/Nov/2024:10:04:26 +0100] "GET /index.html HTTP/1.1" 304 -
::1 - - [29/Nov/2024:10:04:27 +0100] "GET /css/styles.css HTTP/1.1" 304 -
::1 - - [29/Nov/2024:10:05:26 +0100] "-" 408 -
fe80::48bc:a9d9:2857:cad9 - - [29/Nov/2024:10:08:33 +0100] "GET / HTTP/1.1" 200 902
2001:718:603:100b:df8:58ec:144:8e35 - - [29/Nov/2024:10:08:33 +0100] "GET / HTTP/1.1" 200 902
2001:718:603:100b:df8:58ec:144:8e35 - - [29/Nov/2024:10:08:33 +0100] "GET / HTTP/1.1" 200 902
2001:718:603:100b:ecdb:fae1:cce6:3c69 - - [29/Nov/2024:10:08:33 +0100] "GET / HTTP/1.1" 200 902
2001:718:603:100b:ecdb:fae1:cce6:3c69 - - [29/Nov/2024:10:08:33 +0100] "GET / HTTP/1.1" 200 902
2001:718:603:100b:df8:58ec:144:8e35 - - [29/Nov/2024:10:08:33 +0100] "GET / HTTP/1.1" 200 902
fe80::e941:9eae:33b9:1626 - - [29/Nov/2024:10:08:33 +0100] "GET / HTTP/1.1" 200 902
2001:718:603:100b:f9d8:ffa9:e428:ec12 - - [29/Nov/2024:10:08:33 +0100] "GET / HTTP/1.1" 200 902
2001:718:603:100b:8545:cdcb:aa1c:4453 - - [29/Nov/2024:10:08:33 +0100] "GET / HTTP/1.1" 200 902
2001:718:603:100b:ecdb:fae1:cce6:3c69 - - [29/Nov/2024:10:08:33 +0100] "GET / HTTP/1.1" 200 902
2001:718:603:100b:8545:cdcb:aa1c:4453 - - [29/Nov/2024:10:08:33 +0100] "GET / HTTP/1.1" 200 902
2001:718:603:100b:6cfa:a489:483f:31c2 - - [29/Nov/2024:10:08:33 +0100] "GET / HTTP/1.1" 200 902
2001:718:603:100b:8545:cdcb:aa1c:4453 - - [29/Nov/2024:10:08:33 +0100] "GET / HTTP/1.1" 200 902
2001:718:603:100b:f9d8:ffa9:e428:ec12 - - [29/Nov/2024:10:08:33 +0100] "GET / HTTP/1.1" 200 902
2001:718:603:100b:f9d8:ffa9:e428:ec12 - - [29/Nov/2024:10:08:33 +0100] "GET / HTTP/1.1" 200 902
fe80::3c12:3a6a:7b4c:f0ff - - [29/Nov/2024:10:08:33 +0100] "GET / HTTP/1.1" 200 902
fe80::819c:2e04:cb3b:758a - - [29/Nov/2024:10:08:33 +0100] "GET / HTTP/1.1" 200 902
2001:718:603:100b:6cfa:a489:483f:31c2 - - [29/Nov/2024:10:08:33 +0100] "GET / HTTP/1.1" 200 902
2001:718:603:100b:6cfa:a489:483f:31c2 - - [29/Nov/2024:10:08:33 +0100] "GET / HTTP/1.1" 200 902
fe80::33ef:44f8:2ad7:2cc9 - - [29/Nov/2024:10:08:33 +0100] "GET / HTTP/1.1" 200 902
2001:718:603:100b:acd6:56ae:ec39:ce8a - - [29/Nov/2024:10:08:34 +0100] "GET / HTTP/1.1" 200 902
fe80::c5b1:aae5:18c4:bb03 - - [29/Nov/2024:10:08:36 +0100] "GET / HTTP/1.1" 200 902
2001:718:603:100b:acd6:56ae:ec39:ce8a - - [29/Nov/2024:10:08:38 +0100] "GET / HTTP/1.1" 200 902
2001:718:603:100b:acd6:56ae:ec39:ce8a - - [29/Nov/2024:10:08:42 +0100] "GET / HTTP/1.1" 200 902
::1 - - [29/Nov/2024:10:15:14 +0100] "GET /index.html HTTP/1.1" 200 902
::1 - - [29/Nov/2024:10:15:15 +0100] "GET /css/styles.css HTTP/1.1" 200 2378
::1 - - [29/Nov/2024:10:15:15 +0100] "GET /images/LoopMartLogoNoBackground.png HTTP/1.1" 200 22443
::1 - - [29/Nov/2024:10:16:19 +0100] "GET /index.html HTTP/1.1" 304 -
::1 - - [29/Nov/2024:10:16:19 +0100] "GET /css/styles.css HTTP/1.1" 200 2064
::1 - - [29/Nov/2024:10:17:19 +0100] "-" 408 -
::1 - - [29/Nov/2024:10:22:58 +0100] "GET /index.html HTTP/1.1" 304 -
::1 - - [29/Nov/2024:10:22:58 +0100] "GET /css/styles.css HTTP/1.1" 200 2474
::1 - - [29/Nov/2024:10:23:08 +0100] "GET /css/styles.css HTTP/1.1" 304 -
::1 - - [29/Nov/2024:10:23:54 +0100] "GET /index.html HTTP/1.1" 304 -
::1 - - [29/Nov/2024:10:23:54 +0100] "GET /css/styles.css HTTP/1.1" 200 2474
::1 - - [29/Nov/2024:10:24:15 +0100] "GET /index.html HTTP/1.1" 304 -
::1 - - [29/Nov/2024:10:24:15 +0100] "GET /css/styles.css HTTP/1.1" 200 2476
::1 - - [29/Nov/2024:10:24:33 +0100] "GET /index.html HTTP/1.1" 304 -
::1 - - [29/Nov/2024:10:24:33 +0100] "GET /css/styles.css HTTP/1.1" 200 2476
::1 - - [29/Nov/2024:10:24:42 +0100] "GET /index.html HTTP/1.1" 304 -
::1 - - [29/Nov/2024:10:24:42 +0100] "GET /css/styles.css HTTP/1.1" 200 2476
::1 - - [29/Nov/2024:10:25:00 +0100] "GET /index.html HTTP/1.1" 304 -
::1 - - [29/Nov/2024:10:25:00 +0100] "GET /css/styles.css HTTP/1.1" 200 2476
::1 - - [29/Nov/2024:10:25:10 +0100] "GET /index.html HTTP/1.1" 304 -
::1 - - [29/Nov/2024:10:25:10 +0100] "GET /css/styles.css HTTP/1.1" 200 2476
::1 - - [29/Nov/2024:10:25:52 +0100] "GET /index.html HTTP/1.1" 304 -
::1 - - [29/Nov/2024:10:25:52 +0100] "GET /css/styles.css HTTP/1.1" 200 2471
::1 - - [29/Nov/2024:10:25:59 +0100] "GET /index.html HTTP/1.1" 304 -
::1 - - [29/Nov/2024:10:25:59 +0100] "GET /css/styles.css HTTP/1.1" 200 2476
::1 - - [29/Nov/2024:10:26:01 +0100] "GET /index.html HTTP/1.1" 304 -
::1 - - [29/Nov/2024:10:26:01 +0100] "GET /css/styles.css HTTP/1.1" 304 -
::1 - - [29/Nov/2024:10:26:04 +0100] "GET /css/styles.css HTTP/1.1" 304 -
::1 - - [29/Nov/2024:10:26:15 +0100] "GET /index.html HTTP/1.1" 304 -
::1 - - [29/Nov/2024:10:26:15 +0100] "GET /css/styles.css HTTP/1.1" 200 2474
::1 - - [29/Nov/2024:10:26:19 +0100] "GET /css/styles.css HTTP/1.1" 304 -
::1 - - [29/Nov/2024:10:27:15 +0100] "-" 408 -
::1 - - [29/Nov/2024:10:27:44 +0100] "GET /index.html HTTP/1.1" 304 -
::1 - - [29/Nov/2024:10:27:44 +0100] "GET /css/styles.css HTTP/1.1" 200 2499
::1 - - [29/Nov/2024:10:27:46 +0100] "GET /index.html HTTP/1.1" 304 -
::1 - - [29/Nov/2024:10:27:46 +0100] "GET /css/styles.css HTTP/1.1" 304 -
::1 - - [29/Nov/2024:10:27:52 +0100] "GET /index.html HTTP/1.1" 304 -
::1 - - [29/Nov/2024:10:27:52 +0100] "GET /css/styles.css HTTP/1.1" 304 -
::1 - - [29/Nov/2024:10:28:07 +0100] "GET /index.html HTTP/1.1" 304 -
::1 - - [29/Nov/2024:10:28:07 +0100] "GET /css/styles.css HTTP/1.1" 200 2500
::1 - - [29/Nov/2024:10:28:16 +0100] "GET /index.html HTTP/1.1" 304 -
::1 - - [29/Nov/2024:10:28:16 +0100] "GET /css/styles.css HTTP/1.1" 200 2500
::1 - - [29/Nov/2024:10:28:25 +0100] "GET /index.html HTTP/1.1" 304 -
::1 - - [29/Nov/2024:10:28:25 +0100] "GET /css/styles.css HTTP/1.1" 200 2500
::1 - - [29/Nov/2024:10:28:37 +0100] "GET /index.html HTTP/1.1" 304 -
::1 - - [29/Nov/2024:10:28:38 +0100] "GET /css/styles.css HTTP/1.1" 200 2500
::1 - - [29/Nov/2024:10:28:50 +0100] "GET /index.html HTTP/1.1" 304 -
::1 - - [29/Nov/2024:10:28:50 +0100] "GET /css/styles.css HTTP/1.1" 200 2500
::1 - - [29/Nov/2024:10:29:21 +0100] "GET /payment.html HTTP/1.1" 200 7319
::1 - - [29/Nov/2024:10:30:21 +0100] "-" 408 -
::1 - - [29/Nov/2024:10:31:00 +0100] "GET /index.html HTTP/1.1" 304 -
::1 - - [29/Nov/2024:10:31:00 +0100] "GET /css/styles.css HTTP/1.1" 200 2500
::1 - - [29/Nov/2024:10:32:00 +0100] "-" 408 -
::1 - - [29/Nov/2024:10:36:49 +0100] "GET /index.html HTTP/1.1" 200 988
::1 - - [29/Nov/2024:10:36:49 +0100] "GET /css/styles.css HTTP/1.1" 200 2848
::1 - - [29/Nov/2024:10:37:32 +0100] "GET /index.html HTTP/1.1" 304 -
::1 - - [29/Nov/2024:10:37:32 +0100] "GET /css/styles.css HTTP/1.1" 200 2847
2001:718:603:100b:acd6:56ae:ec39:ce8a - - [29/Nov/2024:10:38:31 +0100] "GET / HTTP/1.1" 200 988
2001:718:603:100b:ecdb:fae1:cce6:3c69 - - [29/Nov/2024:10:38:31 +0100] "GET / HTTP/1.1" 200 988
2001:718:603:100b:ecdb:fae1:cce6:3c69 - - [29/Nov/2024:10:38:31 +0100] "GET / HTTP/1.1" 200 988
2001:718:603:100b:ecdb:fae1:cce6:3c69 - - [29/Nov/2024:10:38:31 +0100] "GET / HTTP/1.1" 200 988
2001:718:603:100b:e5e9:ae37:f9f2:6b9e - - [29/Nov/2024:10:38:31 +0100] "GET / HTTP/1.1" 200 988
2001:718:603:100b:6cfa:a489:483f:31c2 - - [29/Nov/2024:10:38:31 +0100] "GET / HTTP/1.1" 200 988
2001:718:603:100b:e5e9:ae37:f9f2:6b9e - - [29/Nov/2024:10:38:31 +0100] "GET / HTTP/1.1" 200 988
2001:718:603:100b:e5e9:ae37:f9f2:6b9e - - [29/Nov/2024:10:38:31 +0100] "GET / HTTP/1.1" 200 988
2001:718:603:100b:6cfa:a489:483f:31c2 - - [29/Nov/2024:10:38:31 +0100] "GET / HTTP/1.1" 200 988
2001:718:603:100b:acd6:56ae:ec39:ce8a - - [29/Nov/2024:10:38:32 +0100] "GET / HTTP/1.1" 200 988
::1 - - [29/Nov/2024:10:40:06 +0100] "GET /index.html HTTP/1.1" 304 -
::1 - - [29/Nov/2024:10:40:06 +0100] "GET /css/styles.css HTTP/1.1" 200 2850
::1 - - [29/Nov/2024:10:40:07 +0100] "GET /index.html HTTP/1.1" 304 -
::1 - - [29/Nov/2024:10:41:06 +0100] "-" 408 -
::1 - - [29/Nov/2024:10:42:21 +0100] "GET /index.html HTTP/1.1" 304 -
::1 - - [29/Nov/2024:10:42:21 +0100] "GET /css/styles.css HTTP/1.1" 200 2779
::1 - - [29/Nov/2024:10:42:22 +0100] "GET /index.html HTTP/1.1" 304 -
::1 - - [29/Nov/2024:10:42:22 +0100] "GET /css/styles.css HTTP/1.1" 304 -
::1 - - [29/Nov/2024:10:42:31 +0100] "GET /index.html HTTP/1.1" 304 -
::1 - - [29/Nov/2024:10:42:31 +0100] "GET /css/styles.css HTTP/1.1" 200 2850
::1 - - [29/Nov/2024:10:43:13 +0100] "GET /index.html HTTP/1.1" 304 -
::1 - - [29/Nov/2024:10:43:13 +0100] "GET /css/styles.css HTTP/1.1" 200 2851
::1 - - [29/Nov/2024:10:43:14 +0100] "GET /index.html HTTP/1.1" 304 -
::1 - - [29/Nov/2024:10:43:14 +0100] "GET /css/styles.css HTTP/1.1" 304 -
::1 - - [29/Nov/2024:10:43:15 +0100] "GET /index.html HTTP/1.1" 304 -
::1 - - [29/Nov/2024:10:43:15 +0100] "GET /css/styles.css HTTP/1.1" 304 -
::1 - - [29/Nov/2024:10:44:13 +0100] "-" 408 -
::1 - - [29/Nov/2024:11:01:13 +0100] "GET /index.html HTTP/1.1" 304 -
::1 - - [29/Nov/2024:11:01:13 +0100] "GET /css/styles.css HTTP/1.1" 200 2784
::1 - - [29/Nov/2024:11:02:13 +0100] "-" 408 -
::1 - - [29/Nov/2024:11:04:34 +0100] "GET /index.html HTTP/1.1" 304 -
::1 - - [29/Nov/2024:11:04:34 +0100] "GET /css/styles.css HTTP/1.1" 200 2787
::1 - - [29/Nov/2024:11:04:39 +0100] "GET /index.html HTTP/1.1" 304 -
::1 - - [29/Nov/2024:11:04:39 +0100] "GET /css/styles.css HTTP/1.1" 304 -
::1 - - [29/Nov/2024:11:05:24 +0100] "GET /index.html HTTP/1.1" 304 -
::1 - - [29/Nov/2024:11:05:24 +0100] "GET /css/styles.css HTTP/1.1" 200 2803
::1 - - [29/Nov/2024:11:05:42 +0100] "GET /index.html HTTP/1.1" 304 -
::1 - - [29/Nov/2024:11:05:42 +0100] "GET /css/styles.css HTTP/1.1" 200 2802
::1 - - [29/Nov/2024:11:05:43 +0100] "GET /index.html HTTP/1.1" 304 -
::1 - - [29/Nov/2024:11:05:43 +0100] "GET /css/styles.css HTTP/1.1" 304 -
::1 - - [29/Nov/2024:11:06:11 +0100] "GET /index.html HTTP/1.1" 304 -
::1 - - [29/Nov/2024:11:06:11 +0100] "GET /css/styles.css HTTP/1.1" 200 2803
::1 - - [29/Nov/2024:11:07:11 +0100] "-" 408 -
2001:718:603:100b:717a:e93:a8fa:d96d - - [29/Nov/2024:11:08:33 +0100] "GET / HTTP/1.1" 200 988
2001:718:603:100b:6cfa:a489:483f:31c2 - - [29/Nov/2024:11:08:33 +0100] "GET / HTTP/1.1" 200 988
2001:718:603:100b:717a:e93:a8fa:d96d - - [29/Nov/2024:11:08:33 +0100] "GET / HTTP/1.1" 200 988
2001:718:603:100b:6cfa:a489:483f:31c2 - - [29/Nov/2024:11:08:33 +0100] "GET / HTTP/1.1" 200 988
2001:718:603:100b:717a:e93:a8fa:d96d - - [29/Nov/2024:11:08:33 +0100] "GET / HTTP/1.1" 200 988
2001:718:603:100b:e5e9:ae37:f9f2:6b9e - - [29/Nov/2024:11:08:33 +0100] "GET / HTTP/1.1" 200 988
fe80::33c7:49bf:780d:c36b - - [29/Nov/2024:11:08:33 +0100] "GET / HTTP/1.1" 200 988
fe80::48bc:a9d9:2857:cad9 - - [29/Nov/2024:11:08:33 +0100] "GET / HTTP/1.1" 200 988
2001:718:603:100b:e5e9:ae37:f9f2:6b9e - - [29/Nov/2024:11:08:33 +0100] "GET / HTTP/1.1" 200 988
fe80::33ef:44f8:2ad7:2cc9 - - [29/Nov/2024:11:08:33 +0100] "GET / HTTP/1.1" 200 988
2001:718:603:100b:bd17:d8ab:8009:e1f8 - - [29/Nov/2024:11:08:33 +0100] "GET / HTTP/1.1" 200 988
2001:718:603:100b:bd17:d8ab:8009:e1f8 - - [29/Nov/2024:11:08:33 +0100] "GET / HTTP/1.1" 200 988
2001:718:603:100b:e5e9:ae37:f9f2:6b9e - - [29/Nov/2024:11:08:33 +0100] "GET / HTTP/1.1" 200 988
fe80::e941:9eae:33b9:1626 - - [29/Nov/2024:11:08:33 +0100] "GET / HTTP/1.1" 200 988
2001:718:603:100b:bd17:d8ab:8009:e1f8 - - [29/Nov/2024:11:08:33 +0100] "GET / HTTP/1.1" 200 988
2001:718:603:100b:6cfa:a489:483f:31c2 - - [29/Nov/2024:11:08:33 +0100] "GET / HTTP/1.1" 200 988
2001:718:603:100b:ecdb:fae1:cce6:3c69 - - [29/Nov/2024:11:08:33 +0100] "GET / HTTP/1.1" 200 988
2001:718:603:100b:ecdb:fae1:cce6:3c69 - - [29/Nov/2024:11:08:33 +0100] "GET / HTTP/1.1" 200 988
2001:718:603:100b:ecdb:fae1:cce6:3c69 - - [29/Nov/2024:11:08:33 +0100] "GET / HTTP/1.1" 200 988
::1 - - [29/Nov/2024:11:09:36 +0100] "GET /index.html HTTP/1.1" 304 -
::1 - - [29/Nov/2024:11:09:36 +0100] "GET /css/styles.css HTTP/1.1" 200 2816
::1 - - [29/Nov/2024:11:09:37 +0100] "GET /index.html HTTP/1.1" 304 -
::1 - - [29/Nov/2024:11:09:37 +0100] "GET /css/styles.css HTTP/1.1" 304 -
::1 - - [29/Nov/2024:11:10:14 +0100] "GET /index.html HTTP/1.1" 304 -
::1 - - [29/Nov/2024:11:10:14 +0100] "GET /css/styles.css HTTP/1.1" 200 2788
::1 - - [29/Nov/2024:11:11:14 +0100] "-" 408 -
::1 - - [29/Nov/2024:11:12:10 +0100] "GET /index.html HTTP/1.1" 304 -
::1 - - [29/Nov/2024:11:12:10 +0100] "GET /css/styles.css HTTP/1.1" 200 2795
::1 - - [29/Nov/2024:11:12:34 +0100] "GET /index.html HTTP/1.1" 304 -
::1 - - [29/Nov/2024:11:12:34 +0100] "GET /css/styles.css HTTP/1.1" 200 2795
::1 - - [29/Nov/2024:11:13:34 +0100] "-" 408 -
::1 - - [29/Nov/2024:11:13:47 +0100] "GET /index.html HTTP/1.1" 304 -
::1 - - [29/Nov/2024:11:13:47 +0100] "GET /css/styles.css HTTP/1.1" 200 2787
::1 - - [29/Nov/2024:11:13:54 +0100] "GET /index.html HTTP/1.1" 304 -
::1 - - [29/Nov/2024:11:13:54 +0100] "GET /css/styles.css HTTP/1.1" 200 2795
::1 - - [29/Nov/2024:11:14:34 +0100] "GET /index.html HTTP/1.1" 304 -
::1 - - [29/Nov/2024:11:14:34 +0100] "GET /css/styles.css HTTP/1.1" 200 2821
::1 - - [29/Nov/2024:11:14:42 +0100] "GET /index.html HTTP/1.1" 304 -
::1 - - [29/Nov/2024:11:14:42 +0100] "GET /css/styles.css HTTP/1.1" 200 2821
::1 - - [29/Nov/2024:11:14:48 +0100] "GET /index.html HTTP/1.1" 304 -
::1 - - [29/Nov/2024:11:14:48 +0100] "GET /css/styles.css HTTP/1.1" 200 2821
::1 - - [29/Nov/2024:11:15:17 +0100] "GET /index.html HTTP/1.1" 304 -
::1 - - [29/Nov/2024:11:15:17 +0100] "GET /css/styles.css HTTP/1.1" 200 2819
::1 - - [29/Nov/2024:11:15:28 +0100] "GET /index.html HTTP/1.1" 304 -
::1 - - [29/Nov/2024:11:15:28 +0100] "GET /css/styles.css HTTP/1.1" 200 2819
::1 - - [29/Nov/2024:11:16:28 +0100] "-" 408 -
fe80::33c7:49bf:780d:c36b - - [29/Nov/2024:12:10:23 +0100] "GET / HTTP/1.1" 200 988
2001:718:603:100b:f571:5a5e:8d89:83c8 - - [29/Nov/2024:12:10:23 +0100] "GET / HTTP/1.1" 200 988
2001:718:603:100b:ec96:e486:d28a:ee5b - - [29/Nov/2024:12:10:23 +0100] "GET / HTTP/1.1" 200 988
fe80::cca9:8c64:227b:fc9a - - [29/Nov/2024:12:10:23 +0100] "GET / HTTP/1.1" 200 988
2001:718:603:100b:e508:a403:2c52:ab8e - - [29/Nov/2024:12:10:23 +0100] "GET / HTTP/1.1" 200 988
2001:718:603:100b:f571:5a5e:8d89:83c8 - - [29/Nov/2024:12:10:23 +0100] "GET / HTTP/1.1" 200 988
2001:718:603:100b:ec96:e486:d28a:ee5b - - [29/Nov/2024:12:10:23 +0100] "GET / HTTP/1.1" 200 988
fe80::3c12:3a6a:7b4c:f0ff - - [29/Nov/2024:12:10:23 +0100] "GET / HTTP/1.1" 200 988
2001:718:603:100b:bd17:d8ab:8009:e1f8 - - [29/Nov/2024:12:10:23 +0100] "GET / HTTP/1.1" 200 988
fe80::33ef:44f8:2ad7:2cc9 - - [29/Nov/2024:12:10:23 +0100] "GET / HTTP/1.1" 200 988
2001:718:603:100b:e508:a403:2c52:ab8e - - [29/Nov/2024:12:10:23 +0100] "GET / HTTP/1.1" 200 988
fe80::dc51:c21d:9ce8:8c81 - - [29/Nov/2024:12:10:23 +0100] "GET / HTTP/1.1" 200 988
2001:718:603:100b:d823:b6a2:2c46:8dc6 - - [29/Nov/2024:12:10:23 +0100] "GET / HTTP/1.1" 200 988
2001:718:603:100b:bd17:d8ab:8009:e1f8 - - [29/Nov/2024:12:10:23 +0100] "GET / HTTP/1.1" 200 988
2001:718:603:100b:f571:5a5e:8d89:83c8 - - [29/Nov/2024:12:10:23 +0100] "GET / HTTP/1.1" 200 988
2001:718:603:100b:ec96:e486:d28a:ee5b - - [29/Nov/2024:12:10:23 +0100] "GET / HTTP/1.1" 200 988
2001:718:603:100b:e508:a403:2c52:ab8e - - [29/Nov/2024:12:10:23 +0100] "GET / HTTP/1.1" 200 988
2001:718:603:100b:d823:b6a2:2c46:8dc6 - - [29/Nov/2024:12:10:23 +0100] "GET / HTTP/1.1" 200 988
2001:718:603:100b:bd17:d8ab:8009:e1f8 - - [29/Nov/2024:12:10:23 +0100] "GET / HTTP/1.1" 200 988
2001:718:603:100b:d823:b6a2:2c46:8dc6 - - [29/Nov/2024:12:10:23 +0100] "GET / HTTP/1.1" 200 988
10.221.60.222 - - [29/Nov/2024:12:11:19 +0100] "GET / HTTP/1.0" 200 988
2001:718:603:100b:e508:a403:2c52:ab8e - - [29/Nov/2024:13:36:45 +0100] "GET / HTTP/1.1" 200 988
fe80::26bf:86e2:c1a7:6ae3 - - [29/Nov/2024:13:36:45 +0100] "GET / HTTP/1.1" 200 988
2001:718:603:100b:ec96:e486:d28a:ee5b - - [29/Nov/2024:13:36:45 +0100] "GET / HTTP/1.1" 200 988
2001:718:603:100b:595f:ca94:7ae3:18b - - [29/Nov/2024:13:36:45 +0100] "GET / HTTP/1.1" 200 988
2001:718:603:100b:d823:b6a2:2c46:8dc6 - - [29/Nov/2024:13:36:45 +0100] "GET / HTTP/1.1" 200 988
fe80::26bf:86e2:c1a7:6ae3 - - [29/Nov/2024:13:44:58 +0100] "GET / HTTP/1.1" 200 988
::1 - - [29/Nov/2024:18:18:16 +0100] "GET /index.html HTTP/1.1" 200 972
::1 - - [29/Nov/2024:18:18:16 +0100] "GET /css/styles.css HTTP/1.1" 304 -
::1 - - [29/Nov/2024:18:18:16 +0100] "GET /images/LoopMart.png HTTP/1.1" 200 14816
::1 - - [29/Nov/2024:18:18:20 +0100] "GET /index.html HTTP/1.1" 304 -
::1 - - [29/Nov/2024:18:18:22 +0100] "GET /index.html HTTP/1.1" 304 -
::1 - - [29/Nov/2024:18:19:22 +0100] "-" 408 -
::1 - - [29/Nov/2024:18:27:42 +0100] "-" 408 -
::1 - - [29/Nov/2024:18:32:54 +0100] "GET /index.html HTTP/1.1" 200 984
::1 - - [29/Nov/2024:18:33:53 +0100] "GET /index.html HTTP/1.1" 304 -
::1 - - [29/Nov/2024:18:33:55 +0100] "GET /index.html HTTP/1.1" 304 -
::1 - - [29/Nov/2024:18:34:10 +0100] "GET /index.html HTTP/1.1" 304 -
::1 - - [29/Nov/2024:18:34:11 +0100] "GET /index.html HTTP/1.1" 304 -
::1 - - [29/Nov/2024:18:34:22 +0100] "GET /index.html HTTP/1.1" 304 -
::1 - - [29/Nov/2024:18:34:40 +0100] "GET /index.html HTTP/1.1" 304 -
::1 - - [29/Nov/2024:18:35:36 +0100] "GET /index.html HTTP/1.1" 304 -
::1 - - [29/Nov/2024:18:36:02 +0100] "GET /index.html HTTP/1.1" 304 -
::1 - - [29/Nov/2024:18:36:03 +0100] "GET /index.html HTTP/1.1" 304 -
::1 - - [29/Nov/2024:18:37:02 +0100] "-" 408 -
::1 - - [29/Nov/2024:18:37:32 +0100] "GET /index.html HTTP/1.1" 304 -
::1 - - [29/Nov/2024:18:37:42 +0100] "GET /index.html HTTP/1.1" 304 -
::1 - - [29/Nov/2024:18:38:07 +0100] "GET /index.html HTTP/1.1" 304 -
::1 - - [29/Nov/2024:18:38:23 +0100] "GET /index.html HTTP/1.1" 304 -
::1 - - [29/Nov/2024:18:38:52 +0100] "GET /index.html HTTP/1.1" 304 -
::1 - - [29/Nov/2024:18:38:53 +0100] "GET /index.html HTTP/1.1" 304 -
::1 - - [29/Nov/2024:18:38:54 +0100] "GET /index.html HTTP/1.1" 304 -
::1 - - [29/Nov/2024:18:39:40 +0100] "GET /index.html HTTP/1.1" 304 -
::1 - - [29/Nov/2024:18:39:42 +0100] "GET /index.html HTTP/1.1" 304 -
::1 - - [29/Nov/2024:18:40:21 +0100] "GET /index.html HTTP/1.1" 304 -
::1 - - [29/Nov/2024:18:41:21 +0100] "-" 408 -
::1 - - [29/Nov/2024:18:42:19 +0100] "GET /index.html HTTP/1.1" 304 -
::1 - - [29/Nov/2024:18:43:19 +0100] "-" 408 -
::1 - - [29/Nov/2024:18:44:34 +0100] "-" 408 -
::1 - - [29/Nov/2024:18:46:20 +0100] "GET /index.html HTTP/1.1" 304 -
::1 - - [29/Nov/2024:18:46:25 +0100] "GET /index.html HTTP/1.1" 304 -
::1 - - [29/Nov/2024:18:47:25 +0100] "-" 408 -
::1 - - [29/Nov/2024:19:26:45 +0100] "GET / HTTP/1.1" 200 1265
::1 - - [29/Nov/2024:19:26:46 +0100] "GET /css/styles.css HTTP/1.1" 200 3077
::1 - - [29/Nov/2024:19:26:46 +0100] "GET /images/LoopMart.png HTTP/1.1" 200 14816
::1 - - [29/Nov/2024:19:26:46 +0100] "GET /fonts/Montserrat-Arabic%20SemiBold.ttf HTTP/1.1" 200 256712
::1 - - [29/Nov/2024:19:28:37 +0100] "GET /index.html HTTP/1.1" 200 1265
::1 - - [29/Nov/2024:19:29:25 +0100] "GET /api/account.php HTTP/1.1" 200 6
::1 - - [29/Nov/2024:19:29:37 +0100] "-" 408 -
::1 - - [29/Nov/2024:19:29:53 +0100] "GET /signin.html HTTP/1.1" 200 3831
::1 - - [29/Nov/2024:19:29:53 +0100] "GET /css/styles.css HTTP/1.1" 304 -
::1 - - [29/Nov/2024:19:29:53 +0100] "GET /images/loader.gif HTTP/1.1" 200 302024
::1 - - [29/Nov/2024:19:29:53 +0100] "GET /api/account.php HTTP/1.1" 200 6
::1 - - [29/Nov/2024:19:30:05 +0100] "POST /api/signin.php HTTP/1.1" 200 416
::1 - - [29/Nov/2024:20:13:13 +0100] "GET / HTTP/1.1" 304 -
::1 - - [29/Nov/2024:20:13:13 +0100] "GET /css/styles.css HTTP/1.1" 200 3188
::1 - - [29/Nov/2024:20:13:20 +0100] "GET / HTTP/1.1" 304 -
::1 - - [29/Nov/2024:20:13:20 +0100] "GET /css/styles.css HTTP/1.1" 200 3188
::1 - - [29/Nov/2024:20:14:20 +0100] "-" 408 -
::1 - - [29/Nov/2024:20:17:51 +0100] "GET / HTTP/1.1" 200 1277
::1 - - [29/Nov/2024:20:17:51 +0100] "GET /css/styles.css HTTP/1.1" 200 4398
::1 - - [29/Nov/2024:20:18:16 +0100] "GET / HTTP/1.1" 304 -
::1 - - [29/Nov/2024:20:18:16 +0100] "GET /css/styles.css HTTP/1.1" 200 4395
::1 - - [29/Nov/2024:20:19:13 +0100] "GET / HTTP/1.1" 304 -
::1 - - [29/Nov/2024:20:19:13 +0100] "GET /css/styles.css HTTP/1.1" 200 4052
::1 - - [29/Nov/2024:20:19:16 +0100] "GET / HTTP/1.1" 304 -
::1 - - [29/Nov/2024:20:19:16 +0100] "GET /css/styles.css HTTP/1.1" 304 -
::1 - - [29/Nov/2024:20:19:42 +0100] "GET / HTTP/1.1" 200 1089
::1 - - [29/Nov/2024:20:19:42 +0100] "GET /css/styles.css HTTP/1.1" 304 -
::1 - - [29/Nov/2024:20:20:33 +0100] "GET / HTTP/1.1" 304 -
::1 - - [29/Nov/2024:20:20:33 +0100] "GET /css/styles.css HTTP/1.1" 200 4070
::1 - - [29/Nov/2024:20:20:34 +0100] "GET / HTTP/1.1" 304 -
::1 - - [29/Nov/2024:20:20:34 +0100] "GET /css/styles.css HTTP/1.1" 304 -
::1 - - [29/Nov/2024:20:20:59 +0100] "GET / HTTP/1.1" 304 -
::1 - - [29/Nov/2024:20:20:59 +0100] "GET /css/styles.css HTTP/1.1" 200 4060
::1 - - [29/Nov/2024:20:21:15 +0100] "GET / HTTP/1.1" 304 -
::1 - - [29/Nov/2024:20:21:15 +0100] "GET /css/styles.css HTTP/1.1" 200 4085
::1 - - [29/Nov/2024:20:21:16 +0100] "GET / HTTP/1.1" 304 -
::1 - - [29/Nov/2024:20:21:16 +0100] "GET /css/styles.css HTTP/1.1" 304 -
::1 - - [29/Nov/2024:20:21:17 +0100] "GET / HTTP/1.1" 304 -
::1 - - [29/Nov/2024:20:21:17 +0100] "GET /css/styles.css HTTP/1.1" 304 -
::1 - - [29/Nov/2024:20:21:43 +0100] "GET / HTTP/1.1" 304 -
::1 - - [29/Nov/2024:20:21:43 +0100] "GET /css/styles.css HTTP/1.1" 200 4108
::1 - - [29/Nov/2024:20:21:49 +0100] "GET / HTTP/1.1" 304 -
::1 - - [29/Nov/2024:20:21:49 +0100] "GET /css/styles.css HTTP/1.1" 200 4108
::1 - - [29/Nov/2024:20:22:27 +0100] "GET / HTTP/1.1" 304 -
::1 - - [29/Nov/2024:20:22:27 +0100] "GET /css/styles.css HTTP/1.1" 200 4111
::1 - - [29/Nov/2024:20:22:41 +0100] "GET / HTTP/1.1" 304 -
::1 - - [29/Nov/2024:20:22:41 +0100] "GET /css/styles.css HTTP/1.1" 200 4113
::1 - - [29/Nov/2024:20:22:56 +0100] "GET / HTTP/1.1" 304 -
::1 - - [29/Nov/2024:20:22:56 +0100] "GET /css/styles.css HTTP/1.1" 200 4111
::1 - - [29/Nov/2024:20:23:04 +0100] "GET / HTTP/1.1" 304 -
::1 - - [29/Nov/2024:20:23:04 +0100] "GET /css/styles.css HTTP/1.1" 200 4111
::1 - - [29/Nov/2024:20:23:18 +0100] "GET / HTTP/1.1" 304 -
::1 - - [29/Nov/2024:20:23:18 +0100] "GET /css/styles.css HTTP/1.1" 200 4124
::1 - - [29/Nov/2024:20:23:33 +0100] "GET / HTTP/1.1" 304 -
::1 - - [29/Nov/2024:20:23:33 +0100] "GET /css/styles.css HTTP/1.1" 200 4124
::1 - - [29/Nov/2024:20:24:27 +0100] "GET / HTTP/1.1" 304 -
::1 - - [29/Nov/2024:20:24:27 +0100] "GET /css/styles.css HTTP/1.1" 200 4133
::1 - - [29/Nov/2024:20:25:27 +0100] "-" 408 -
::1 - - [29/Nov/2024:20:25:33 +0100] "GET / HTTP/1.1" 304 -
::1 - - [29/Nov/2024:20:25:33 +0100] "GET /css/styles.css HTTP/1.1" 200 4138
::1 - - [29/Nov/2024:20:26:33 +0100] "-" 408 -
::1 - - [29/Nov/2024:20:30:42 +0100] "GET / HTTP/1.1" 304 -
::1 - - [29/Nov/2024:20:30:42 +0100] "GET /css/styles.css HTTP/1.1" 200 4085
::1 - - [29/Nov/2024:20:30:43 +0100] "GET / HTTP/1.1" 304 -
::1 - - [29/Nov/2024:20:30:43 +0100] "GET /css/styles.css HTTP/1.1" 304 -
::1 - - [29/Nov/2024:20:31:12 +0100] "GET / HTTP/1.1" 304 -
::1 - - [29/Nov/2024:20:31:12 +0100] "GET /css/styles.css HTTP/1.1" 200 4084
::1 - - [29/Nov/2024:20:31:57 +0100] "GET / HTTP/1.1" 304 -
::1 - - [29/Nov/2024:20:31:57 +0100] "GET /css/styles.css HTTP/1.1" 200 4105
::1 - - [29/Nov/2024:20:32:06 +0100] "GET / HTTP/1.1" 304 -
::1 - - [29/Nov/2024:20:32:06 +0100] "GET /css/styles.css HTTP/1.1" 200 4109
::1 - - [29/Nov/2024:20:32:14 +0100] "GET / HTTP/1.1" 304 -
::1 - - [29/Nov/2024:20:32:14 +0100] "GET /css/styles.css HTTP/1.1" 200 4109
::1 - - [29/Nov/2024:20:32:20 +0100] "GET / HTTP/1.1" 304 -
::1 - - [29/Nov/2024:20:32:20 +0100] "GET /css/styles.css HTTP/1.1" 200 4111
::1 - - [29/Nov/2024:20:32:25 +0100] "GET / HTTP/1.1" 304 -
::1 - - [29/Nov/2024:20:32:25 +0100] "GET /css/styles.css HTTP/1.1" 200 4111
::1 - - [29/Nov/2024:20:33:04 +0100] "GET / HTTP/1.1" 304 -
::1 - - [29/Nov/2024:20:33:04 +0100] "GET /css/styles.css HTTP/1.1" 200 4111
::1 - - [29/Nov/2024:20:33:16 +0100] "GET / HTTP/1.1" 304 -
::1 - - [29/Nov/2024:20:33:16 +0100] "GET /css/styles.css HTTP/1.1" 200 4112
::1 - - [29/Nov/2024:20:33:22 +0100] "GET / HTTP/1.1" 304 -
::1 - - [29/Nov/2024:20:33:22 +0100] "GET /css/styles.css HTTP/1.1" 200 4112
::1 - - [29/Nov/2024:20:33:28 +0100] "GET / HTTP/1.1" 304 -
::1 - - [29/Nov/2024:20:33:28 +0100] "GET /css/styles.css HTTP/1.1" 200 4112
::1 - - [29/Nov/2024:20:34:28 +0100] "-" 408 -
